2013/12/28 19:11:58 [error] [exception.CHttpException.404] exception 'CHttpException' with message 'Unable to resolve the request "themes/sepanjang/js/dist/jquery-migrate.min.map".' in /var/www/yii.1.1.14/framework/web/CWebApplication.php:286
Stack trace:
#0 /var/www/yii.1.1.14/framework/web/CWebApplication.php(141): CWebApplication->runController('themes/sepanjan...')
#1 /var/www/yii.1.1.14/framework/base/CApplication.php(180): CWebApplication->processRequest()
#2 /var/www/sepanjang/index.php(15): CApplication->run()
#3 {main}
REQUEST_URI=/sepanjang/themes/sepanjang/js/dist/jquery-migrate.min.map
HTTP_REFERER=http://localhost/sepanjang/
---
2013/12/28 19:13:34 [error] [exception.CHttpException.404] exception 'CHttpException' with message 'Unable to resolve the request "themes/sepanjang/js/jquery-1.10.2.min.map".' in /var/www/yii.1.1.14/framework/web/CWebApplication.php:286
Stack trace:
#0 /var/www/yii.1.1.14/framework/web/CWebApplication.php(141): CWebApplication->runController('themes/sepanjan...')
#1 /var/www/yii.1.1.14/framework/base/CApplication.php(180): CWebApplication->processRequest()
#2 /var/www/sepanjang/index.php(15): CApplication->run()
#3 {main}
REQUEST_URI=/sepanjang/themes/sepanjang/js/jquery-1.10.2.min.map
HTTP_REFERER=http://localhost/sepanjang/
---
2013/12/28 19:13:34 [error] [exception.CHttpException.404] exception 'CHttpException' with message 'Unable to resolve the request "themes/sepanjang/js/dist/jquery-migrate.min.map".' in /var/www/yii.1.1.14/framework/web/CWebApplication.php:286
Stack trace:
#0 /var/www/yii.1.1.14/framework/web/CWebApplication.php(141): CWebApplication->runController('themes/sepanjan...')
#1 /var/www/yii.1.1.14/framework/base/CApplication.php(180): CWebApplication->processRequest()
#2 /var/www/sepanjang/index.php(15): CApplication->run()
#3 {main}
REQUEST_URI=/sepanjang/themes/sepanjang/js/dist/jquery-migrate.min.map
HTTP_REFERER=http://localhost/sepanjang/
---
2013/12/28 19:14:36 [error] [exception.CHttpException.404] exception 'CHttpException' with message 'Unable to resolve the request "themes/sepanjang/js/jquery-1.10.2.min.map".' in /var/www/yii.1.1.14/framework/web/CWebApplication.php:286
Stack trace:
#0 /var/www/yii.1.1.14/framework/web/CWebApplication.php(141): CWebApplication->runController('themes/sepanjan...')
#1 /var/www/yii.1.1.14/framework/base/CApplication.php(180): CWebApplication->processRequest()
#2 /var/www/sepanjang/index.php(15): CApplication->run()
#3 {main}
REQUEST_URI=/sepanjang/themes/sepanjang/js/jquery-1.10.2.min.map
HTTP_REFERER=http://localhost/sepanjang/
---
2013/12/28 19:14:36 [error] [exception.CHttpException.404] exception 'CHttpException' with message 'Unable to resolve the request "themes/sepanjang/js/dist/jquery-migrate.min.map".' in /var/www/yii.1.1.14/framework/web/CWebApplication.php:286
Stack trace:
#0 /var/www/yii.1.1.14/framework/web/CWebApplication.php(141): CWebApplication->runController('themes/sepanjan...')
#1 /var/www/yii.1.1.14/framework/base/CApplication.php(180): CWebApplication->processRequest()
#2 /var/www/sepanjang/index.php(15): CApplication->run()
#3 {main}
REQUEST_URI=/sepanjang/themes/sepanjang/js/dist/jquery-migrate.min.map
HTTP_REFERER=http://localhost/sepanjang/
---
2013/12/28 19:17:31 [error] [exception.CHttpException.404] exception 'CHttpException' with message 'Unable to resolve the request "themes/sepanjang/js/dist/jquery-migrate.min.map".' in /var/www/yii.1.1.14/framework/web/CWebApplication.php:286
Stack trace:
#0 /var/www/yii.1.1.14/framework/web/CWebApplication.php(141): CWebApplication->runController('themes/sepanjan...')
#1 /var/www/yii.1.1.14/framework/base/CApplication.php(180): CWebApplication->processRequest()
#2 /var/www/sepanjang/index.php(15): CApplication->run()
#3 {main}
REQUEST_URI=/sepanjang/themes/sepanjang/js/dist/jquery-migrate.min.map
HTTP_REFERER=http://localhost/sepanjang/
---
2013/12/28 19:17:31 [error] [exception.CHttpException.404] exception 'CHttpException' with message 'Unable to resolve the request "themes/sepanjang/js/jquery-1.10.2.min.map".' in /var/www/yii.1.1.14/framework/web/CWebApplication.php:286
Stack trace:
#0 /var/www/yii.1.1.14/framework/web/CWebApplication.php(141): CWebApplication->runController('themes/sepanjan...')
#1 /var/www/yii.1.1.14/framework/base/CApplication.php(180): CWebApplication->processRequest()
#2 /var/www/sepanjang/index.php(15): CApplication->run()
#3 {main}
REQUEST_URI=/sepanjang/themes/sepanjang/js/jquery-1.10.2.min.map
HTTP_REFERER=http://localhost/sepanjang/
---
2013/12/28 19:18:17 [error] [exception.CHttpException.404] exception 'CHttpException' with message 'Unable to resolve the request "themes/sepanjang/js/jquery-1.10.2.min.map".' in /var/www/yii.1.1.14/framework/web/CWebApplication.php:286
Stack trace:
#0 /var/www/yii.1.1.14/framework/web/CWebApplication.php(141): CWebApplication->runController('themes/sepanjan...')
#1 /var/www/yii.1.1.14/framework/base/CApplication.php(180): CWebApplication->processRequest()
#2 /var/www/sepanjang/index.php(15): CApplication->run()
#3 {main}
REQUEST_URI=/sepanjang/themes/sepanjang/js/jquery-1.10.2.min.map
HTTP_REFERER=http://localhost/sepanjang/
---
2013/12/28 19:18:17 [error] [exception.CHttpException.404] exception 'CHttpException' with message 'Unable to resolve the request "themes/sepanjang/js/dist/jquery-migrate.min.map".' in /var/www/yii.1.1.14/framework/web/CWebApplication.php:286
Stack trace:
#0 /var/www/yii.1.1.14/framework/web/CWebApplication.php(141): CWebApplication->runController('themes/sepanjan...')
#1 /var/www/yii.1.1.14/framework/base/CApplication.php(180): CWebApplication->processRequest()
#2 /var/www/sepanjang/index.php(15): CApplication->run()
#3 {main}
REQUEST_URI=/sepanjang/themes/sepanjang/js/dist/jquery-migrate.min.map
HTTP_REFERER=http://localhost/sepanjang/
---
2013/12/28 19:19:53 [error] [exception.CHttpException.404] exception 'CHttpException' with message 'Unable to resolve the request "themes/sepanjang/js/jquery-1.10.2.min.map".' in /var/www/yii.1.1.14/framework/web/CWebApplication.php:286
Stack trace:
#0 /var/www/yii.1.1.14/framework/web/CWebApplication.php(141): CWebApplication->runController('themes/sepanjan...')
#1 /var/www/yii.1.1.14/framework/base/CApplication.php(180): CWebApplication->processRequest()
#2 /var/www/sepanjang/index.php(15): CApplication->run()
#3 {main}
REQUEST_URI=/sepanjang/themes/sepanjang/js/jquery-1.10.2.min.map
HTTP_REFERER=http://localhost/sepanjang/
---
2013/12/28 19:19:53 [error] [exception.CHttpException.404] exception 'CHttpException' with message 'Unable to resolve the request "themes/sepanjang/js/dist/jquery-migrate.min.map".' in /var/www/yii.1.1.14/framework/web/CWebApplication.php:286
Stack trace:
#0 /var/www/yii.1.1.14/framework/web/CWebApplication.php(141): CWebApplication->runController('themes/sepanjan...')
#1 /var/www/yii.1.1.14/framework/base/CApplication.php(180): CWebApplication->processRequest()
#2 /var/www/sepanjang/index.php(15): CApplication->run()
#3 {main}
REQUEST_URI=/sepanjang/themes/sepanjang/js/dist/jquery-migrate.min.map
HTTP_REFERER=http://localhost/sepanjang/
---
2013/12/28 19:20:38 [error] [exception.CHttpException.404] exception 'CHttpException' with message 'Unable to resolve the request "themes/sepanjang/js/dist/jquery-migrate.min.map".' in /var/www/yii.1.1.14/framework/web/CWebApplication.php:286
Stack trace:
#0 /var/www/yii.1.1.14/framework/web/CWebApplication.php(141): CWebApplication->runController('themes/sepanjan...')
#1 /var/www/yii.1.1.14/framework/base/CApplication.php(180): CWebApplication->processRequest()
#2 /var/www/sepanjang/index.php(15): CApplication->run()
#3 {main}
REQUEST_URI=/sepanjang/themes/sepanjang/js/dist/jquery-migrate.min.map
HTTP_REFERER=http://localhost/sepanjang/
---
2013/12/28 19:20:38 [error] [exception.CHttpException.404] exception 'CHttpException' with message 'Unable to resolve the request "themes/sepanjang/js/jquery-1.10.2.min.map".' in /var/www/yii.1.1.14/framework/web/CWebApplication.php:286
Stack trace:
#0 /var/www/yii.1.1.14/framework/web/CWebApplication.php(141): CWebApplication->runController('themes/sepanjan...')
#1 /var/www/yii.1.1.14/framework/base/CApplication.php(180): CWebApplication->processRequest()
#2 /var/www/sepanjang/index.php(15): CApplication->run()
#3 {main}
REQUEST_URI=/sepanjang/themes/sepanjang/js/jquery-1.10.2.min.map
HTTP_REFERER=http://localhost/sepanjang/
---
2013/12/28 19:21:34 [error] [exception.CHttpException.404] exception 'CHttpException' with message 'Unable to resolve the request "themes/sepanjang/js/jquery-1.10.2.min.map".' in /var/www/yii.1.1.14/framework/web/CWebApplication.php:286
Stack trace:
#0 /var/www/yii.1.1.14/framework/web/CWebApplication.php(141): CWebApplication->runController('themes/sepanjan...')
#1 /var/www/yii.1.1.14/framework/base/CApplication.php(180): CWebApplication->processRequest()
#2 /var/www/sepanjang/index.php(15): CApplication->run()
#3 {main}
REQUEST_URI=/sepanjang/themes/sepanjang/js/jquery-1.10.2.min.map
HTTP_REFERER=http://localhost/sepanjang/
---
2013/12/28 19:21:34 [error] [exception.CHttpException.404] exception 'CHttpException' with message 'Unable to resolve the request "themes/sepanjang/js/dist/jquery-migrate.min.map".' in /var/www/yii.1.1.14/framework/web/CWebApplication.php:286
Stack trace:
#0 /var/www/yii.1.1.14/framework/web/CWebApplication.php(141): CWebApplication->runController('themes/sepanjan...')
#1 /var/www/yii.1.1.14/framework/base/CApplication.php(180): CWebApplication->processRequest()
#2 /var/www/sepanjang/index.php(15): CApplication->run()
#3 {main}
REQUEST_URI=/sepanjang/themes/sepanjang/js/dist/jquery-migrate.min.map
HTTP_REFERER=http://localhost/sepanjang/
---
2013/12/28 19:22:31 [error] [exception.CHttpException.404] exception 'CHttpException' with message 'Unable to resolve the request "themes/sepanjang/js/jquery-1.10.2.min.map".' in /var/www/yii.1.1.14/framework/web/CWebApplication.php:286
Stack trace:
#0 /var/www/yii.1.1.14/framework/web/CWebApplication.php(141): CWebApplication->runController('themes/sepanjan...')
#1 /var/www/yii.1.1.14/framework/base/CApplication.php(180): CWebApplication->processRequest()
#2 /var/www/sepanjang/index.php(15): CApplication->run()
#3 {main}
REQUEST_URI=/sepanjang/themes/sepanjang/js/jquery-1.10.2.min.map
HTTP_REFERER=http://localhost/sepanjang/
---
2013/12/28 19:22:31 [error] [exception.CHttpException.404] exception 'CHttpException' with message 'Unable to resolve the request "themes/sepanjang/js/dist/jquery-migrate.min.map".' in /var/www/yii.1.1.14/framework/web/CWebApplication.php:286
Stack trace:
#0 /var/www/yii.1.1.14/framework/web/CWebApplication.php(141): CWebApplication->runController('themes/sepanjan...')
#1 /var/www/yii.1.1.14/framework/base/CApplication.php(180): CWebApplication->processRequest()
#2 /var/www/sepanjang/index.php(15): CApplication->run()
#3 {main}
REQUEST_URI=/sepanjang/themes/sepanjang/js/dist/jquery-migrate.min.map
HTTP_REFERER=http://localhost/sepanjang/
---
2013/12/28 19:22:38 [error] [exception.CHttpException.404] exception 'CHttpException' with message 'Unable to resolve the request "themes/sepanjang/js/jquery-1.10.2.min.map".' in /var/www/yii.1.1.14/framework/web/CWebApplication.php:286
Stack trace:
#0 /var/www/yii.1.1.14/framework/web/CWebApplication.php(141): CWebApplication->runController('themes/sepanjan...')
#1 /var/www/yii.1.1.14/framework/base/CApplication.php(180): CWebApplication->processRequest()
#2 /var/www/sepanjang/index.php(15): CApplication->run()
#3 {main}
REQUEST_URI=/sepanjang/themes/sepanjang/js/jquery-1.10.2.min.map
HTTP_REFERER=http://localhost/sepanjang/
---
2013/12/28 19:22:38 [error] [exception.CHttpException.404] exception 'CHttpException' with message 'Unable to resolve the request "themes/sepanjang/js/dist/jquery-migrate.min.map".' in /var/www/yii.1.1.14/framework/web/CWebApplication.php:286
Stack trace:
#0 /var/www/yii.1.1.14/framework/web/CWebApplication.php(141): CWebApplication->runController('themes/sepanjan...')
#1 /var/www/yii.1.1.14/framework/base/CApplication.php(180): CWebApplication->processRequest()
#2 /var/www/sepanjang/index.php(15): CApplication->run()
#3 {main}
REQUEST_URI=/sepanjang/themes/sepanjang/js/dist/jquery-migrate.min.map
HTTP_REFERER=http://localhost/sepanjang/
---
2013/12/28 19:24:08 [error] [exception.CHttpException.404] exception 'CHttpException' with message 'Unable to resolve the request "themes/sepanjang/js/dist/jquery-migrate.min.map".' in /var/www/yii.1.1.14/framework/web/CWebApplication.php:286
Stack trace:
#0 /var/www/yii.1.1.14/framework/web/CWebApplication.php(141): CWebApplication->runController('themes/sepanjan...')
#1 /var/www/yii.1.1.14/framework/base/CApplication.php(180): CWebApplication->processRequest()
#2 /var/www/sepanjang/index.php(15): CApplication->run()
#3 {main}
REQUEST_URI=/sepanjang/themes/sepanjang/js/dist/jquery-migrate.min.map
HTTP_REFERER=http://localhost/sepanjang/
---
2013/12/28 19:24:08 [error] [exception.CHttpException.404] exception 'CHttpException' with message 'Unable to resolve the request "themes/sepanjang/js/jquery-1.10.2.min.map".' in /var/www/yii.1.1.14/framework/web/CWebApplication.php:286
Stack trace:
#0 /var/www/yii.1.1.14/framework/web/CWebApplication.php(141): CWebApplication->runController('themes/sepanjan...')
#1 /var/www/yii.1.1.14/framework/base/CApplication.php(180): CWebApplication->processRequest()
#2 /var/www/sepanjang/index.php(15): CApplication->run()
#3 {main}
REQUEST_URI=/sepanjang/themes/sepanjang/js/jquery-1.10.2.min.map
HTTP_REFERER=http://localhost/sepanjang/
---
2013/12/28 19:24:17 [error] [exception.CHttpException.404] exception 'CHttpException' with message 'Unable to resolve the request "themes/sepanjang/js/jquery-1.10.2.min.map".' in /var/www/yii.1.1.14/framework/web/CWebApplication.php:286
Stack trace:
#0 /var/www/yii.1.1.14/framework/web/CWebApplication.php(141): CWebApplication->runController('themes/sepanjan...')
#1 /var/www/yii.1.1.14/framework/base/CApplication.php(180): CWebApplication->processRequest()
#2 /var/www/sepanjang/index.php(15): CApplication->run()
#3 {main}
REQUEST_URI=/sepanjang/themes/sepanjang/js/jquery-1.10.2.min.map
HTTP_REFERER=http://localhost/sepanjang/
---
2013/12/28 19:24:17 [error] [exception.CHttpException.404] exception 'CHttpException' with message 'Unable to resolve the request "themes/sepanjang/js/dist/jquery-migrate.min.map".' in /var/www/yii.1.1.14/framework/web/CWebApplication.php:286
Stack trace:
#0 /var/www/yii.1.1.14/framework/web/CWebApplication.php(141): CWebApplication->runController('themes/sepanjan...')
#1 /var/www/yii.1.1.14/framework/base/CApplication.php(180): CWebApplication->processRequest()
#2 /var/www/sepanjang/index.php(15): CApplication->run()
#3 {main}
REQUEST_URI=/sepanjang/themes/sepanjang/js/dist/jquery-migrate.min.map
HTTP_REFERER=http://localhost/sepanjang/
---
2013/12/28 19:25:32 [error] [exception.CHttpException.404] exception 'CHttpException' with message 'Unable to resolve the request "themes/sepanjang/js/dist/jquery-migrate.min.map".' in /var/www/yii.1.1.14/framework/web/CWebApplication.php:286
Stack trace:
#0 /var/www/yii.1.1.14/framework/web/CWebApplication.php(141): CWebApplication->runController('themes/sepanjan...')
#1 /var/www/yii.1.1.14/framework/base/CApplication.php(180): CWebApplication->processRequest()
#2 /var/www/sepanjang/index.php(15): CApplication->run()
#3 {main}
REQUEST_URI=/sepanjang/themes/sepanjang/js/dist/jquery-migrate.min.map
HTTP_REFERER=http://localhost/sepanjang/
---
2013/12/28 19:25:32 [error] [exception.CHttpException.404] exception 'CHttpException' with message 'Unable to resolve the request "themes/sepanjang/js/jquery-1.10.2.min.map".' in /var/www/yii.1.1.14/framework/web/CWebApplication.php:286
Stack trace:
#0 /var/www/yii.1.1.14/framework/web/CWebApplication.php(141): CWebApplication->runController('themes/sepanjan...')
#1 /var/www/yii.1.1.14/framework/base/CApplication.php(180): CWebApplication->processRequest()
#2 /var/www/sepanjang/index.php(15): CApplication->run()
#3 {main}
REQUEST_URI=/sepanjang/themes/sepanjang/js/jquery-1.10.2.min.map
HTTP_REFERER=http://localhost/sepanjang/
---
2013/12/28 19:26:06 [error] [exception.CHttpException.404] exception 'CHttpException' with message 'Unable to resolve the request "themes/sepanjang/js/jquery-1.10.2.min.map".' in /var/www/yii.1.1.14/framework/web/CWebApplication.php:286
Stack trace:
#0 /var/www/yii.1.1.14/framework/web/CWebApplication.php(141): CWebApplication->runController('themes/sepanjan...')
#1 /var/www/yii.1.1.14/framework/base/CApplication.php(180): CWebApplication->processRequest()
#2 /var/www/sepanjang/index.php(15): CApplication->run()
#3 {main}
REQUEST_URI=/sepanjang/themes/sepanjang/js/jquery-1.10.2.min.map
HTTP_REFERER=http://localhost/sepanjang/
---
2013/12/28 19:26:06 [error] [exception.CHttpException.404] exception 'CHttpException' with message 'Unable to resolve the request "themes/sepanjang/js/dist/jquery-migrate.min.map".' in /var/www/yii.1.1.14/framework/web/CWebApplication.php:286
Stack trace:
#0 /var/www/yii.1.1.14/framework/web/CWebApplication.php(141): CWebApplication->runController('themes/sepanjan...')
#1 /var/www/yii.1.1.14/framework/base/CApplication.php(180): CWebApplication->processRequest()
#2 /var/www/sepanjang/index.php(15): CApplication->run()
#3 {main}
REQUEST_URI=/sepanjang/themes/sepanjang/js/dist/jquery-migrate.min.map
HTTP_REFERER=http://localhost/sepanjang/
---
2013/12/28 19:26:45 [error] [exception.CHttpException.404] exception 'CHttpException' with message 'Unable to resolve the request "themes/sepanjang/js/jquery-1.10.2.min.map".' in /var/www/yii.1.1.14/framework/web/CWebApplication.php:286
Stack trace:
#0 /var/www/yii.1.1.14/framework/web/CWebApplication.php(141): CWebApplication->runController('themes/sepanjan...')
#1 /var/www/yii.1.1.14/framework/base/CApplication.php(180): CWebApplication->processRequest()
#2 /var/www/sepanjang/index.php(15): CApplication->run()
#3 {main}
REQUEST_URI=/sepanjang/themes/sepanjang/js/jquery-1.10.2.min.map
HTTP_REFERER=http://localhost/sepanjang/
---
2013/12/28 19:26:45 [error] [exception.CHttpException.404] exception 'CHttpException' with message 'Unable to resolve the request "themes/sepanjang/js/dist/jquery-migrate.min.map".' in /var/www/yii.1.1.14/framework/web/CWebApplication.php:286
Stack trace:
#0 /var/www/yii.1.1.14/framework/web/CWebApplication.php(141): CWebApplication->runController('themes/sepanjan...')
#1 /var/www/yii.1.1.14/framework/base/CApplication.php(180): CWebApplication->processRequest()
#2 /var/www/sepanjang/index.php(15): CApplication->run()
#3 {main}
REQUEST_URI=/sepanjang/themes/sepanjang/js/dist/jquery-migrate.min.map
HTTP_REFERER=http://localhost/sepanjang/
---
2013/12/28 19:32:36 [error] [exception.CHttpException.404] exception 'CHttpException' with message 'Unable to resolve the request "themes/sepanjang/js/jquery-1.10.2.min.map".' in /var/www/yii.1.1.14/framework/web/CWebApplication.php:286
Stack trace:
#0 /var/www/yii.1.1.14/framework/web/CWebApplication.php(141): CWebApplication->runController('themes/sepanjan...')
#1 /var/www/yii.1.1.14/framework/base/CApplication.php(180): CWebApplication->processRequest()
#2 /var/www/sepanjang/index.php(15): CApplication->run()
#3 {main}
REQUEST_URI=/sepanjang/themes/sepanjang/js/jquery-1.10.2.min.map
HTTP_REFERER=http://localhost/sepanjang/
---
2013/12/28 19:32:36 [error] [exception.CHttpException.404] exception 'CHttpException' with message 'Unable to resolve the request "themes/sepanjang/js/dist/jquery-migrate.min.map".' in /var/www/yii.1.1.14/framework/web/CWebApplication.php:286
Stack trace:
#0 /var/www/yii.1.1.14/framework/web/CWebApplication.php(141): CWebApplication->runController('themes/sepanjan...')
#1 /var/www/yii.1.1.14/framework/base/CApplication.php(180): CWebApplication->processRequest()
#2 /var/www/sepanjang/index.php(15): CApplication->run()
#3 {main}
REQUEST_URI=/sepanjang/themes/sepanjang/js/dist/jquery-migrate.min.map
HTTP_REFERER=http://localhost/sepanjang/
---
2013/12/28 19:39:09 [error] [exception.CHttpException.404] exception 'CHttpException' with message 'Unable to resolve the request "themes/sepanjang/js/jquery-1.10.2.min.map".' in /var/www/yii.1.1.14/framework/web/CWebApplication.php:286
Stack trace:
#0 /var/www/yii.1.1.14/framework/web/CWebApplication.php(141): CWebApplication->runController('themes/sepanjan...')
#1 /var/www/yii.1.1.14/framework/base/CApplication.php(180): CWebApplication->processRequest()
#2 /var/www/sepanjang/index.php(15): CApplication->run()
#3 {main}
REQUEST_URI=/sepanjang/themes/sepanjang/js/jquery-1.10.2.min.map
HTTP_REFERER=http://localhost/sepanjang/
---
2013/12/28 19:39:09 [error] [exception.CHttpException.404] exception 'CHttpException' with message 'Unable to resolve the request "themes/sepanjang/js/dist/jquery-migrate.min.map".' in /var/www/yii.1.1.14/framework/web/CWebApplication.php:286
Stack trace:
#0 /var/www/yii.1.1.14/framework/web/CWebApplication.php(141): CWebApplication->runController('themes/sepanjan...')
#1 /var/www/yii.1.1.14/framework/base/CApplication.php(180): CWebApplication->processRequest()
#2 /var/www/sepanjang/index.php(15): CApplication->run()
#3 {main}
REQUEST_URI=/sepanjang/themes/sepanjang/js/dist/jquery-migrate.min.map
HTTP_REFERER=http://localhost/sepanjang/
---
2013/12/28 19:39:29 [error] [exception.CHttpException.404] exception 'CHttpException' with message 'Unable to resolve the request "themes/sepanjang/js/jquery-1.10.2.min.map".' in /var/www/yii.1.1.14/framework/web/CWebApplication.php:286
Stack trace:
#0 /var/www/yii.1.1.14/framework/web/CWebApplication.php(141): CWebApplication->runController('themes/sepanjan...')
#1 /var/www/yii.1.1.14/framework/base/CApplication.php(180): CWebApplication->processRequest()
#2 /var/www/sepanjang/index.php(15): CApplication->run()
#3 {main}
REQUEST_URI=/sepanjang/themes/sepanjang/js/jquery-1.10.2.min.map
HTTP_REFERER=http://localhost/sepanjang/
---
2013/12/28 19:39:29 [error] [exception.CHttpException.404] exception 'CHttpException' with message 'Unable to resolve the request "themes/sepanjang/js/dist/jquery-migrate.min.map".' in /var/www/yii.1.1.14/framework/web/CWebApplication.php:286
Stack trace:
#0 /var/www/yii.1.1.14/framework/web/CWebApplication.php(141): CWebApplication->runController('themes/sepanjan...')
#1 /var/www/yii.1.1.14/framework/base/CApplication.php(180): CWebApplication->processRequest()
#2 /var/www/sepanjang/index.php(15): CApplication->run()
#3 {main}
REQUEST_URI=/sepanjang/themes/sepanjang/js/dist/jquery-migrate.min.map
HTTP_REFERER=http://localhost/sepanjang/
---
